Using pre-set license
Built from '2022.3/staging' branch; Version is '2022.3.6f1 (b9e6e7e9fa2d) revision 12183271'; Using compiler version '192829333'; Build Type 'Release'
OS: 'Windows 10  (10.0.19045) 64bit Professional' Language: 'en' Physical Memory: 32560 MB
BatchMode: 1, IsHumanControllingUs: 0, StartBugReporterOnCrash: 0, Is64bit: 1, IsPro: 1

COMMAND LINE ARGUMENTS:
C:\Program Files\Unity\Hub\Editor\2022.3.6f1\Editor\Unity.exe
-adb2
-batchMode
-noUpm
-name
AssetImportWorker0
-projectPath
C:/Users/meyer/MVP for colony dome survival
-logFile
Logs/AssetImportWorker0.log
-srvPort
62478
Successfully changed project path to: C:/Users/meyer/MVP for colony dome survival
C:/Users/meyer/MVP for colony dome survival
[UnityMemory] Configuration Parameters - Can be set up in boot.config
    "memorysetup-bucket-allocator-granularity=16"
    "memorysetup-bucket-allocator-bucket-count=8"
    "memorysetup-bucket-allocator-block-size=33554432"
    "memorysetup-bucket-allocator-block-count=8"
    "memorysetup-main-allocator-block-size=16777216"
    "memorysetup-thread-allocator-block-size=16777216"
    "memorysetup-gfx-main-allocator-block-size=16777216"
    "memorysetup-gfx-thread-allocator-block-size=16777216"
    "memorysetup-cache-allocator-block-size=4194304"
    "memorysetup-typetree-allocator-block-size=2097152"
    "memorysetup-profiler-bucket-allocator-granularity=16"
    "memorysetup-profiler-bucket-allocator-bucket-count=8"
    "memorysetup-profiler-bucket-allocator-block-size=33554432"
    "memorysetup-profiler-bucket-allocator-block-count=8"
    "memorysetup-profiler-allocator-block-size=16777216"
    "memorysetup-profiler-editor-allocator-block-size=1048576"
    "memorysetup-temp-allocator-size-main=16777216"
    "memorysetup-job-temp-allocator-block-size=2097152"
    "memorysetup-job-temp-allocator-block-size-background=1048576"
    "memorysetup-job-temp-allocator-reduction-small-platforms=262144"
    "memorysetup-allocator-temp-initial-block-size-main=262144"
    "memorysetup-allocator-temp-initial-block-size-worker=262144"
    "memorysetup-temp-allocator-size-background-worker=32768"
    "memorysetup-temp-allocator-size-job-worker=262144"
    "memorysetup-temp-allocator-size-preload-manager=33554432"
    "memorysetup-temp-allocator-size-nav-mesh-worker=65536"
    "memorysetup-temp-allocator-size-audio-worker=65536"
    "memorysetup-temp-allocator-size-cloud-worker=32768"
    "memorysetup-temp-allocator-size-gi-baking-worker=262144"
    "memorysetup-temp-allocator-size-gfx=262144"
Player connection [25536] Host "[IP] 192.168.1.190 [Port] 0 [Flags] 2 [Guid] 3507806162 [EditorId] 3507806162 [Version] 1048832 [Id] WindowsEditor(7,NolanDesktop) [Debug] 1 [PackageName] WindowsEditor [ProjectName] Editor" joined multi-casting on [225.0.0.222:54997]...

Player connection [25536] Host "[IP] 192.168.1.190 [Port] 0 [Flags] 2 [Guid] 3507806162 [EditorId] 3507806162 [Version] 1048832 [Id] WindowsEditor(7,NolanDesktop) [Debug] 1 [PackageName] WindowsEditor [ProjectName] Editor" joined alternative multi-casting on [225.0.0.222:34997]...

Refreshing native plugins compatible for Editor in 13.66 ms, found 4 plugins.
Preloading 0 native plugins for Editor in 0.00 ms.
Initialize engine version: 2022.3.6f1 (b9e6e7e9fa2d)
[Subsystems] Discovering subsystems at path C:/Program Files/Unity/Hub/Editor/2022.3.6f1/Editor/Data/Resources/UnitySubsystems
[Subsystems] Discovering subsystems at path C:/Users/meyer/MVP for colony dome survival/Assets
GfxDevice: creating device client; threaded=0; jobified=0
Direct3D:
    Version:  Direct3D 11.0 [level 11.1]
    Renderer: NVIDIA GeForce RTX 3080 (ID=0x2206)
    Vendor:   NVIDIA
    VRAM:     10067 MB
    Driver:   31.0.15.3179
Initialize mono
Mono path[0] = 'C:/Program Files/Unity/Hub/Editor/2022.3.6f1/Editor/Data/Managed'
Mono path[1] = 'C:/Program Files/Unity/Hub/Editor/2022.3.6f1/Editor/Data/MonoBleedingEdge/lib/mono/unityjit-win32'
Mono config path = 'C:/Program Files/Unity/Hub/Editor/2022.3.6f1/Editor/Data/MonoBleedingEdge/etc'
Using monoOptions --debugger-agent=transport=dt_socket,embedding=1,server=y,suspend=n,address=127.0.0.1:56032
Begin MonoManager ReloadAssembly
Registering precompiled unity dll's ...
Register platform support module: C:/Program Files/Unity/Hub/Editor/2022.3.6f1/Editor/Data/PlaybackEngines/WebGLSupport/UnityEditor.WebGL.Extensions.dll
Register platform support module: C:/Program Files/Unity/Hub/Editor/2022.3.6f1/Editor/Data/PlaybackEngines/WindowsStandaloneSupport/UnityEditor.WindowsStandalone.Extensions.dll
Registered in 0.008691 seconds.
- Loaded All Assemblies, in  0.308 seconds
Native extension for WindowsStandalone target not found
Native extension for WebGL target not found
Mono: successfully reloaded assembly
- Finished resetting the current domain, in  0.266 seconds
Domain Reload Profiling: 573ms
	BeginReloadAssembly (76ms)
		ExecutionOrderSort (0ms)
		DisableScriptedObjects (0ms)
		BackupInstance (0ms)
		ReleaseScriptingObjects (0ms)
		CreateAndSetChildDomain (1ms)
	RebuildCommonClasses (29ms)
	RebuildNativeTypeToScriptingClass (9ms)
	initialDomainReloadingComplete (59ms)
	LoadAllAssembliesAndSetupDomain (133ms)
		LoadAssemblies (75ms)
		RebuildTransferFunctionScriptingTraits (0ms)
		AnalyzeDomain (128ms)
			TypeCache.Refresh (127ms)
				TypeCache.ScanAssembly (116ms)
			ScanForSourceGeneratedMonoScriptInfo (0ms)
			ResolveRequiredComponents (0ms)
	FinalizeReload (267ms)
		ReleaseScriptCaches (0ms)
		RebuildScriptCaches (0ms)
		SetupLoadedEditorAssemblies (210ms)
			LogAssemblyErrors (0ms)
			InitializePlatformSupportModulesInManaged (10ms)
			SetLoadedEditorAssemblies (5ms)
			RefreshPlugins (0ms)
			BeforeProcessingInitializeOnLoad (2ms)
			ProcessInitializeOnLoadAttributes (144ms)
			ProcessInitializeOnLoadMethodAttributes (49ms)
			AfterProcessingInitializeOnLoad (0ms)
			EditorAssembliesLoaded (0ms)
		ExecutionOrderSort2 (0ms)
		AwakeInstancesAfterBackupRestoration (0ms)
========================================================================
Worker process is ready to serve import requests
Begin MonoManager ReloadAssembly
Symbol file LoadedFromMemory doesn't match image C:\Users\meyer\MVP for colony dome survival\Library\PackageCache\com.unity.visualscripting@1.8.0\Editor\VisualScripting.Core\Dependencies\YamlDotNet\Unity.VisualScripting.YamlDotNet.dll
Symbol file LoadedFromMemory doesn't match image C:\Users\meyer\MVP for colony dome survival\Library\PackageCache\com.unity.visualscripting@1.8.0\Editor\VisualScripting.Core\Dependencies\DotNetZip\Unity.VisualScripting.IonicZip.dll
- Loaded All Assemblies, in  0.684 seconds
Refreshing native plugins compatible for Editor in 5.78 ms, found 4 plugins.
Native extension for WindowsStandalone target not found
Native extension for WebGL target not found
Mono: successfully reloaded assembly
- Finished resetting the current domain, in  0.525 seconds
Domain Reload Profiling: 1207ms
	BeginReloadAssembly (117ms)
		ExecutionOrderSort (0ms)
		DisableScriptedObjects (7ms)
		BackupInstance (0ms)
		ReleaseScriptingObjects (0ms)
		CreateAndSetChildDomain (20ms)
	RebuildCommonClasses (31ms)
	RebuildNativeTypeToScriptingClass (9ms)
	initialDomainReloadingComplete (42ms)
	LoadAllAssembliesAndSetupDomain (482ms)
		LoadAssemblies (246ms)
		RebuildTransferFunctionScriptingTraits (0ms)
		AnalyzeDomain (285ms)
			TypeCache.Refresh (261ms)
				TypeCache.ScanAssembly (249ms)
			ScanForSourceGeneratedMonoScriptInfo (19ms)
			ResolveRequiredComponents (4ms)
	FinalizeReload (526ms)
		ReleaseScriptCaches (0ms)
		RebuildScriptCaches (0ms)
		SetupLoadedEditorAssemblies (371ms)
			LogAssemblyErrors (0ms)
			InitializePlatformSupportModulesInManaged (7ms)
			SetLoadedEditorAssemblies (3ms)
			RefreshPlugins (0ms)
			BeforeProcessingInitializeOnLoad (73ms)
			ProcessInitializeOnLoadAttributes (248ms)
			ProcessInitializeOnLoadMethodAttributes (32ms)
			AfterProcessingInitializeOnLoad (7ms)
			EditorAssembliesLoaded (0ms)
		ExecutionOrderSort2 (0ms)
		AwakeInstancesAfterBackupRestoration (8ms)
Launched and connected shader compiler UnityShaderCompiler.exe after 0.06 seconds
Refreshing native plugins compatible for Editor in 6.20 ms, found 4 plugins.
Preloading 0 native plugins for Editor in 0.00 ms.
Unloading 4015 Unused Serialized files (Serialized files now loaded: 0)
Unloading 69 unused Assets / (244.8 KB). Loaded Objects now: 4473.
Memory consumption went from 143.9 MB to 143.6 MB.
Total: 3.848600 ms (FindLiveObjects: 0.256500 ms CreateObjectMapping: 0.232200 ms MarkObjects: 3.135700 ms  DeleteObjects: 0.223100 ms)

AssetImportParameters requested are different than current active one (requested -> active):
  custom:container-demuxer-ogg: 62fdf1f143b41e24485cea50d1cbac27 -> 
  custom:video-decoder-ogg-theora: a1e56fd34408186e4bbccfd4996cb3dc -> 
  custom:framework-win-MediaFoundation: 216162199b28c13a410421893ffa2e32 -> 
  custom:CustomObjectIndexerAttribute: 756ad292c208cfabdd7b50bc23989ffe -> 
  custom:container-demuxer-webm: 4f35f7cbe854078d1ac9338744f61a02 -> 
  custom:container-muxer-webm: aa71ff27fc2769a1b78a27578f13a17b -> 
  custom:video-decoder-webm-vp8: 9c59270c3fd7afecdb556c50c9e8de78 -> 
  custom:SearchIndexIgnoredProperties: e643bd26f0fe6173181afceb89e7c659 -> 
  custom:AudioImporter_EditorPlatform: d09bf68614088b80899f8185d706f6e7 -> 
  custom:video-encoder-webm-vp8: eb34c28f22e8b96e1ab97ce403110664 -> 
  custom:audio-decoder-ogg-vorbis: bf7c407c2cedff20999df2af8eb42d56 -> 
  custom:audio-encoder-webm-vorbis: bf7c407c2cedff20999df2af8eb42d56 -> 
========================================================================
Received Import Request.
  Time since last request: 398210.027370 seconds.
  path: Assets/Sprites/GridSquareSprite.prefab
  artifactKey: Guid(59ff29f9bb4025141a69e8119da35389) Importer(815301076,1909f56bfc062723c751e8b465ee728b)
Start importing Assets/Sprites/GridSquareSprite.prefab using Guid(59ff29f9bb4025141a69e8119da35389) Importer(815301076,1909f56bfc062723c751e8b465ee728b)  -> (artifact id: 'ced3011cea69f476cc9221a1cd9932e1') in 0.082172 seconds
Number of updated asset objects reloaded before import = 0
Number of asset objects unloaded after import = 7
========================================================================
Received Prepare
Begin MonoManager ReloadAssembly
Symbol file LoadedFromMemory doesn't match image C:\Users\meyer\MVP for colony dome survival\Library\PackageCache\com.unity.visualscripting@1.8.0\Editor\VisualScripting.Core\Dependencies\YamlDotNet\Unity.VisualScripting.YamlDotNet.dll
Symbol file LoadedFromMemory doesn't match image C:\Users\meyer\MVP for colony dome survival\Library\PackageCache\com.unity.visualscripting@1.8.0\Editor\VisualScripting.Core\Dependencies\DotNetZip\Unity.VisualScripting.IonicZip.dll
- Loaded All Assemblies, in  0.609 seconds
Refreshing native plugins compatible for Editor in 4.27 ms, found 4 plugins.
Native extension for WindowsStandalone target not found
Native extension for WebGL target not found
Mono: successfully reloaded assembly
- Finished resetting the current domain, in  0.862 seconds
Domain Reload Profiling: 1468ms
	BeginReloadAssembly (131ms)
		ExecutionOrderSort (0ms)
		DisableScriptedObjects (10ms)
		BackupInstance (0ms)
		ReleaseScriptingObjects (0ms)
		CreateAndSetChildDomain (33ms)
	RebuildCommonClasses (25ms)
	RebuildNativeTypeToScriptingClass (9ms)
	initialDomainReloadingComplete (33ms)
	LoadAllAssembliesAndSetupDomain (407ms)
		LoadAssemblies (230ms)
		RebuildTransferFunctionScriptingTraits (0ms)
		AnalyzeDomain (230ms)
			TypeCache.Refresh (227ms)
				TypeCache.ScanAssembly (217ms)
			ScanForSourceGeneratedMonoScriptInfo (0ms)
			ResolveRequiredComponents (4ms)
	FinalizeReload (862ms)
		ReleaseScriptCaches (0ms)
		RebuildScriptCaches (0ms)
		SetupLoadedEditorAssemblies (363ms)
			LogAssemblyErrors (0ms)
			InitializePlatformSupportModulesInManaged (7ms)
			SetLoadedEditorAssemblies (3ms)
			RefreshPlugins (0ms)
			BeforeProcessingInitializeOnLoad (76ms)
			ProcessInitializeOnLoadAttributes (239ms)
			ProcessInitializeOnLoadMethodAttributes (30ms)
			AfterProcessingInitializeOnLoad (7ms)
			EditorAssembliesLoaded (0ms)
		ExecutionOrderSort2 (0ms)
		AwakeInstancesAfterBackupRestoration (15ms)
Refreshing native plugins compatible for Editor in 5.61 ms, found 4 plugins.
Preloading 0 native plugins for Editor in 0.00 ms.
Unloading 3996 Unused Serialized files (Serialized files now loaded: 0)
Unloading 41 unused Assets / (217.2 KB). Loaded Objects now: 4486.
Memory consumption went from 143.7 MB to 143.5 MB.
Total: 3.829300 ms (FindLiveObjects: 0.247700 ms CreateObjectMapping: 0.225100 ms MarkObjects: 3.184100 ms  DeleteObjects: 0.171600 ms)

Prepare: number of updated asset objects reloaded= 0
AssetImportParameters requested are different than current active one (requested -> active):
  custom:container-demuxer-ogg: 62fdf1f143b41e24485cea50d1cbac27 -> 
  custom:video-decoder-ogg-theora: a1e56fd34408186e4bbccfd4996cb3dc -> 
  custom:framework-win-MediaFoundation: 216162199b28c13a410421893ffa2e32 -> 
  custom:CustomObjectIndexerAttribute: 756ad292c208cfabdd7b50bc23989ffe -> 
  custom:container-demuxer-webm: 4f35f7cbe854078d1ac9338744f61a02 -> 
  custom:container-muxer-webm: aa71ff27fc2769a1b78a27578f13a17b -> 
  custom:video-decoder-webm-vp8: 9c59270c3fd7afecdb556c50c9e8de78 -> 
  custom:SearchIndexIgnoredProperties: e643bd26f0fe6173181afceb89e7c659 -> 
  custom:AudioImporter_EditorPlatform: d09bf68614088b80899f8185d706f6e7 -> 
  custom:video-encoder-webm-vp8: eb34c28f22e8b96e1ab97ce403110664 -> 
  custom:audio-decoder-ogg-vorbis: bf7c407c2cedff20999df2af8eb42d56 -> 
  custom:audio-encoder-webm-vorbis: bf7c407c2cedff20999df2af8eb42d56 -> 
========================================================================
Received Import Request.
  Time since last request: 307.934814 seconds.
  path: Assets/Tiles
  artifactKey: Guid(7c017da9959c84c4e8d09f96afad9fca) Importer(815301076,1909f56bfc062723c751e8b465ee728b)
Start importing Assets/Tiles using Guid(7c017da9959c84c4e8d09f96afad9fca) Importer(815301076,1909f56bfc062723c751e8b465ee728b)  -> (artifact id: '6eb040dbc37832abdf81bac2071bbda1') in 0.002351 seconds
Number of updated asset objects reloaded before import = 0
Number of asset objects unloaded after import = 0
========================================================================
Received Import Request.
  Time since last request: 19.356479 seconds.
  path: Assets/Tiles/Rectangular Palette.prefab
  artifactKey: Guid(30bb8f5d790ff0845a2a5caf69be1bff) Importer(815301076,1909f56bfc062723c751e8b465ee728b)
Start importing Assets/Tiles/Rectangular Palette.prefab using Guid(30bb8f5d790ff0845a2a5caf69be1bff) Importer(815301076,1909f56bfc062723c751e8b465ee728b)  -> (artifact id: '31eecf3921f8a9afbddc96fe81fe45d7') in 0.055382 seconds
Number of updated asset objects reloaded before import = 0
Number of asset objects unloaded after import = 10
========================================================================
Received Import Request.
  Time since last request: 130.644898 seconds.
  path: Assets/Tiles/GridSquareSprite.prefab
  artifactKey: Guid(59ff29f9bb4025141a69e8119da35389) Importer(815301076,1909f56bfc062723c751e8b465ee728b)
Start importing Assets/Tiles/GridSquareSprite.prefab using Guid(59ff29f9bb4025141a69e8119da35389) Importer(815301076,1909f56bfc062723c751e8b465ee728b)  -> (artifact id: '79b515d8eb522bc5079ea9542d9f760a') in 0.015689 seconds
Number of updated asset objects reloaded before import = 0
Number of asset objects unloaded after import = 7
========================================================================
Received Import Request.
  Time since last request: 1.412891 seconds.
  path: Assets/Tiles/GridSquareSprite.prefab
  artifactKey: Guid(59ff29f9bb4025141a69e8119da35389) Importer(815301076,1909f56bfc062723c751e8b465ee728b)
Start importing Assets/Tiles/GridSquareSprite.prefab using Guid(59ff29f9bb4025141a69e8119da35389) Importer(815301076,1909f56bfc062723c751e8b465ee728b)  -> (artifact id: 'a2f483d7892ebbed085ffb2087c50bda') in 0.100101 seconds
Number of updated asset objects reloaded before import = 0
Number of asset objects unloaded after import = 7
========================================================================
Received Import Request.
  Time since last request: 62.406437 seconds.
  path: Assets/Tiles/GridSquareSprite.prefab
  artifactKey: Guid(59ff29f9bb4025141a69e8119da35389) Importer(815301076,1909f56bfc062723c751e8b465ee728b)
Start importing Assets/Tiles/GridSquareSprite.prefab using Guid(59ff29f9bb4025141a69e8119da35389) Importer(815301076,1909f56bfc062723c751e8b465ee728b)  -> (artifact id: '854268c6ccb8d21b5b11b552c7452c09') in 0.075620 seconds
Number of updated asset objects reloaded before import = 0
Number of asset objects unloaded after import = 7
========================================================================
Received Import Request.
  Time since last request: 3.340414 seconds.
  path: Assets/Tiles/GridSquareSprite.prefab
  artifactKey: Guid(59ff29f9bb4025141a69e8119da35389) Importer(815301076,1909f56bfc062723c751e8b465ee728b)
Start importing Assets/Tiles/GridSquareSprite.prefab using Guid(59ff29f9bb4025141a69e8119da35389) Importer(815301076,1909f56bfc062723c751e8b465ee728b)  -> (artifact id: '0efadfaa8d8ff9a84bdd55fbdcc721f5') in 0.014334 seconds
Number of updated asset objects reloaded before import = 0
Number of asset objects unloaded after import = 7
========================================================================
Received Import Request.
  Time since last request: 33.127212 seconds.
  path: Assets/Palettes/Grid_square.prefab
  artifactKey: Guid(32902195fc7d29441b700522c77f34a8) Importer(815301076,1909f56bfc062723c751e8b465ee728b)
Start importing Assets/Palettes/Grid_square.prefab using Guid(32902195fc7d29441b700522c77f34a8) Importer(815301076,1909f56bfc062723c751e8b465ee728b)  -> (artifact id: '5477aaaf01e9a66b2f22f53bc4b2a209') in 0.007907 seconds
Number of updated asset objects reloaded before import = 0
Number of asset objects unloaded after import = 12
========================================================================
Received Import Request.
  Time since last request: 230.725930 seconds.
  path: Assets/Tiles/tileset.png
  artifactKey: Guid(d484268f890b5eb4e9abdbe6fdc05f20) Importer(815301076,1909f56bfc062723c751e8b465ee728b)
Start importing Assets/Tiles/tileset.png using Guid(d484268f890b5eb4e9abdbe6fdc05f20) Importer(815301076,1909f56bfc062723c751e8b465ee728b)  -> (artifact id: 'a5b26c934962431a909da9d30c94b023') in 0.036920 seconds
Number of updated asset objects reloaded before import = 0
Number of asset objects unloaded after import = 3
========================================================================
Received Import Request.
  Time since last request: 37.528718 seconds.
  path: Assets/Tiles/tileset.png
  artifactKey: Guid(d484268f890b5eb4e9abdbe6fdc05f20) Importer(815301076,1909f56bfc062723c751e8b465ee728b)
Start importing Assets/Tiles/tileset.png using Guid(d484268f890b5eb4e9abdbe6fdc05f20) Importer(815301076,1909f56bfc062723c751e8b465ee728b)  -> (artifact id: '082b0512ff58b7985aa22a55ef7d3f77') in 0.019933 seconds
Number of updated asset objects reloaded before import = 0
Number of asset objects unloaded after import = 2
========================================================================
Received Import Request.
  Time since last request: 42.841181 seconds.
  path: Assets/Tiles/tileset.png
  artifactKey: Guid(d484268f890b5eb4e9abdbe6fdc05f20) Importer(815301076,1909f56bfc062723c751e8b465ee728b)
Start importing Assets/Tiles/tileset.png using Guid(d484268f890b5eb4e9abdbe6fdc05f20) Importer(815301076,1909f56bfc062723c751e8b465ee728b)  -> (artifact id: '6b95991191c9cb3a3d27910b94c5e714') in 0.018450 seconds
Number of updated asset objects reloaded before import = 0
Number of asset objects unloaded after import = 2
========================================================================
Received Import Request.
  Time since last request: 128.941475 seconds.
  path: Assets/Tiles/Rectangular Palette.prefab
  artifactKey: Guid(30bb8f5d790ff0845a2a5caf69be1bff) Importer(815301076,1909f56bfc062723c751e8b465ee728b)
Start importing Assets/Tiles/Rectangular Palette.prefab using Guid(30bb8f5d790ff0845a2a5caf69be1bff) Importer(815301076,1909f56bfc062723c751e8b465ee728b)  -> (artifact id: '2100054e6c2edbe4023ecebbabd5f2e5') in 0.011702 seconds
Number of updated asset objects reloaded before import = 0
Number of asset objects unloaded after import = 10
========================================================================
Received Import Request.
  Time since last request: 42.400230 seconds.
  path: Assets/Palettes/tileset.prefab
  artifactKey: Guid(5b5dc1010f904264faca4ca4f3e84d69) Importer(815301076,1909f56bfc062723c751e8b465ee728b)
Start importing Assets/Palettes/tileset.prefab using Guid(5b5dc1010f904264faca4ca4f3e84d69) Importer(815301076,1909f56bfc062723c751e8b465ee728b)  -> (artifact id: '82668879a52bd43aa45790d56c720e6d') in 0.015614 seconds
Number of updated asset objects reloaded before import = 0
Number of asset objects unloaded after import = 10
========================================================================
Received Import Request.
  Time since last request: 35.398273 seconds.
  path: Assets/Palettes/tileset.prefab
  artifactKey: Guid(5b5dc1010f904264faca4ca4f3e84d69) Importer(815301076,1909f56bfc062723c751e8b465ee728b)
Start importing Assets/Palettes/tileset.prefab using Guid(5b5dc1010f904264faca4ca4f3e84d69) Importer(815301076,1909f56bfc062723c751e8b465ee728b)  -> (artifact id: '1bf3c82a51cc155d46f1bea3ea8859c1') in 0.015916 seconds
Number of updated asset objects reloaded before import = 0
Number of asset objects unloaded after import = 10
========================================================================
Received Import Request.
  Time since last request: 115.174667 seconds.
  path: Assets/Tiles/tileset.png
  artifactKey: Guid(d484268f890b5eb4e9abdbe6fdc05f20) Importer(815301076,1909f56bfc062723c751e8b465ee728b)
Start importing Assets/Tiles/tileset.png using Guid(d484268f890b5eb4e9abdbe6fdc05f20) Importer(815301076,1909f56bfc062723c751e8b465ee728b)  -> (artifact id: 'd657d89d6ab239e76720ea19e4947b68') in 0.134114 seconds
Number of updated asset objects reloaded before import = 0
Number of asset objects unloaded after import = 45
========================================================================
Received Import Request.
  Time since last request: 27.749894 seconds.
  path: Assets/Tiles/tileset_0.asset
  artifactKey: Guid(f28eae4ecd4d2a34daf6ed14918a7208) Importer(815301076,1909f56bfc062723c751e8b465ee728b)
Start importing Assets/Tiles/tileset_0.asset using Guid(f28eae4ecd4d2a34daf6ed14918a7208) Importer(815301076,1909f56bfc062723c751e8b465ee728b)  -> (artifact id: 'fbd28ae0d0360d37777de86a0b0378b2') in 0.021711 seconds
Number of updated asset objects reloaded before import = 0
Number of asset objects unloaded after import = 3
========================================================================
Received Import Request.
  Time since last request: 0.000055 seconds.
  path: Assets/Tiles/tileset_22.asset
  artifactKey: Guid(051afe519ccfbc349be082d5bb5ad55f) Importer(815301076,1909f56bfc062723c751e8b465ee728b)
Start importing Assets/Tiles/tileset_22.asset using Guid(051afe519ccfbc349be082d5bb5ad55f) Importer(815301076,1909f56bfc062723c751e8b465ee728b)  -> (artifact id: '90b9a43e164f830dceb554d7aab1525f') in 0.014473 seconds
Number of updated asset objects reloaded before import = 0
Number of asset objects unloaded after import = 3
========================================================================
Received Import Request.
  Time since last request: 0.000019 seconds.
  path: Assets/Tiles/tileset_40.asset
  artifactKey: Guid(a3c2f27c2322b9241af8be6236cd7f32) Importer(815301076,1909f56bfc062723c751e8b465ee728b)
Start importing Assets/Tiles/tileset_40.asset using Guid(a3c2f27c2322b9241af8be6236cd7f32) Importer(815301076,1909f56bfc062723c751e8b465ee728b)  -> (artifact id: 'b2933788181e545b508a20b798463b8b') in 0.017104 seconds
Number of updated asset objects reloaded before import = 0
Number of asset objects unloaded after import = 3
========================================================================
Received Import Request.
  Time since last request: 0.000017 seconds.
  path: Assets/Tiles/tileset_42.asset
  artifactKey: Guid(e8f7719701433994793d9f00bb100932) Importer(815301076,1909f56bfc062723c751e8b465ee728b)
Start importing Assets/Tiles/tileset_42.asset using Guid(e8f7719701433994793d9f00bb100932) Importer(815301076,1909f56bfc062723c751e8b465ee728b)  -> (artifact id: 'b0d8f94692fb57b596b0c9cb081b4b55') in 0.016071 seconds
Number of updated asset objects reloaded before import = 0
Number of asset objects unloaded after import = 3
========================================================================
Received Import Request.
  Time since last request: 0.000039 seconds.
  path: Assets/Tiles/tileset_25.asset
  artifactKey: Guid(7a745dd4bf80eac4f8166513c2f3bfa8) Importer(815301076,1909f56bfc062723c751e8b465ee728b)
Start importing Assets/Tiles/tileset_25.asset using Guid(7a745dd4bf80eac4f8166513c2f3bfa8) Importer(815301076,1909f56bfc062723c751e8b465ee728b)  -> (artifact id: '58187c20f2631f0a172aad699135ccfa') in 0.013478 seconds
Number of updated asset objects reloaded before import = 0
Number of asset objects unloaded after import = 3
========================================================================
Received Import Request.
  Time since last request: 0.000027 seconds.
  path: Assets/Tiles/tileset_11.asset
  artifactKey: Guid(b980d2f29445b5b4aa3cc35188af0f73) Importer(815301076,1909f56bfc062723c751e8b465ee728b)
Start importing Assets/Tiles/tileset_11.asset using Guid(b980d2f29445b5b4aa3cc35188af0f73) Importer(815301076,1909f56bfc062723c751e8b465ee728b)  -> (artifact id: '66d9e4d59a47a2e8e716f1741e3a6054') in 0.015252 seconds
Number of updated asset objects reloaded before import = 0
Number of asset objects unloaded after import = 3
========================================================================
Received Import Request.
  Time since last request: 0.000016 seconds.
  path: Assets/Tiles/tileset_18.asset
  artifactKey: Guid(ae5a909def37ce04681ea422014fbc61) Importer(815301076,1909f56bfc062723c751e8b465ee728b)
Start importing Assets/Tiles/tileset_18.asset using Guid(ae5a909def37ce04681ea422014fbc61) Importer(815301076,1909f56bfc062723c751e8b465ee728b)  -> (artifact id: 'd1e1caffadff051b669904f2fe9f84e0') in 0.014502 seconds
Number of updated asset objects reloaded before import = 0
Number of asset objects unloaded after import = 3
========================================================================
Received Import Request.
  Time since last request: 0.000016 seconds.
  path: Assets/Tiles/tileset_26.asset
  artifactKey: Guid(5bfb4c0e5d46de3489a4008d756ec5d5) Importer(815301076,1909f56bfc062723c751e8b465ee728b)
Start importing Assets/Tiles/tileset_26.asset using Guid(5bfb4c0e5d46de3489a4008d756ec5d5) Importer(815301076,1909f56bfc062723c751e8b465ee728b)  -> (artifact id: '6356e047495c0f2a9755031e0a4ed6b1') in 0.021490 seconds
Number of updated asset objects reloaded before import = 0
Number of asset objects unloaded after import = 3
========================================================================
Received Import Request.
  Time since last request: 0.000015 seconds.
  path: Assets/Tiles/tileset_38.asset
  artifactKey: Guid(3438328a9c02c5c4da47f8982a8f6d93) Importer(815301076,1909f56bfc062723c751e8b465ee728b)
Start importing Assets/Tiles/tileset_38.asset using Guid(3438328a9c02c5c4da47f8982a8f6d93) Importer(815301076,1909f56bfc062723c751e8b465ee728b)  -> (artifact id: '16ae522b7ead58fa1a7d21ce80b8fb2a') in 0.013282 seconds
Number of updated asset objects reloaded before import = 0
Number of asset objects unloaded after import = 3
========================================================================
Received Import Request.
  Time since last request: 0.000013 seconds.
  path: Assets/Tiles/tileset_2.asset
  artifactKey: Guid(6a233727240c6df41a9fd7b1a8b36a03) Importer(815301076,1909f56bfc062723c751e8b465ee728b)
Start importing Assets/Tiles/tileset_2.asset using Guid(6a233727240c6df41a9fd7b1a8b36a03) Importer(815301076,1909f56bfc062723c751e8b465ee728b)  -> (artifact id: 'ccd67ed7d866a729599064b6946a2a3a') in 0.012746 seconds
Number of updated asset objects reloaded before import = 0
Number of asset objects unloaded after import = 3
========================================================================
Received Import Request.
  Time since last request: 0.000016 seconds.
  path: Assets/Tiles/tileset_4.asset
  artifactKey: Guid(abdc37b8834a93a4798c96ec37682c26) Importer(815301076,1909f56bfc062723c751e8b465ee728b)
Start importing Assets/Tiles/tileset_4.asset using Guid(abdc37b8834a93a4798c96ec37682c26) Importer(815301076,1909f56bfc062723c751e8b465ee728b)  -> (artifact id: '59ca31015424e37e931205ad9a567639') in 0.012845 seconds
Number of updated asset objects reloaded before import = 0
Number of asset objects unloaded after import = 3
========================================================================
Received Import Request.
  Time since last request: 0.000012 seconds.
  path: Assets/Tiles/tileset_10.asset
  artifactKey: Guid(520a13aae09e6ed42bd6dade1954a255) Importer(815301076,1909f56bfc062723c751e8b465ee728b)
Start importing Assets/Tiles/tileset_10.asset using Guid(520a13aae09e6ed42bd6dade1954a255) Importer(815301076,1909f56bfc062723c751e8b465ee728b)  -> (artifact id: '7fb2c1d70a22e933b725176588cf3861') in 0.014957 seconds
Number of updated asset objects reloaded before import = 0
Number of asset objects unloaded after import = 3
========================================================================
Received Import Request.
  Time since last request: 0.000016 seconds.
  path: Assets/Tiles/tileset_31.asset
  artifactKey: Guid(5c71363d36be72e42a8c8583478ab2f8) Importer(815301076,1909f56bfc062723c751e8b465ee728b)
Start importing Assets/Tiles/tileset_31.asset using Guid(5c71363d36be72e42a8c8583478ab2f8) Importer(815301076,1909f56bfc062723c751e8b465ee728b)  -> (artifact id: '09d7e461d8fb427ba11f9d30c95a222e') in 0.014216 seconds
Number of updated asset objects reloaded before import = 0
Number of asset objects unloaded after import = 3
========================================================================
Received Import Request.
  Time since last request: 0.000012 seconds.
  path: Assets/Tiles/tileset_21.asset
  artifactKey: Guid(88a0647622f28d94e9bac3400e1a8831) Importer(815301076,1909f56bfc062723c751e8b465ee728b)
Start importing Assets/Tiles/tileset_21.asset using Guid(88a0647622f28d94e9bac3400e1a8831) Importer(815301076,1909f56bfc062723c751e8b465ee728b)  -> (artifact id: '293dbb4edde3c5192231aa4fea0728a5') in 0.012041 seconds
Number of updated asset objects reloaded before import = 0
Number of asset objects unloaded after import = 3
========================================================================
Received Import Request.
  Time since last request: 0.000014 seconds.
  path: Assets/Tiles/tileset_3.asset
  artifactKey: Guid(be74b2c1322033a4cad46d9ed643602d) Importer(815301076,1909f56bfc062723c751e8b465ee728b)
Start importing Assets/Tiles/tileset_3.asset using Guid(be74b2c1322033a4cad46d9ed643602d) Importer(815301076,1909f56bfc062723c751e8b465ee728b)  -> (artifact id: 'c8dbc23015c25fcc0a094403a6a5f50c') in 0.013748 seconds
Number of updated asset objects reloaded before import = 0
Number of asset objects unloaded after import = 3
========================================================================
Received Import Request.
  Time since last request: 0.000016 seconds.
  path: Assets/Tiles/tileset_13.asset
  artifactKey: Guid(665f40ca251f84946bfa3cc2c00f57ce) Importer(815301076,1909f56bfc062723c751e8b465ee728b)
Start importing Assets/Tiles/tileset_13.asset using Guid(665f40ca251f84946bfa3cc2c00f57ce) Importer(815301076,1909f56bfc062723c751e8b465ee728b)  -> (artifact id: '38383d5c53bf91bedee49fce49d8e3c5') in 0.013842 seconds
Number of updated asset objects reloaded before import = 0
Number of asset objects unloaded after import = 3
========================================================================
Received Import Request.
  Time since last request: 0.000015 seconds.
  path: Assets/Tiles/tileset_37.asset
  artifactKey: Guid(b6a77dd13a6057045bf6c0946c4a04a4) Importer(815301076,1909f56bfc062723c751e8b465ee728b)
Start importing Assets/Tiles/tileset_37.asset using Guid(b6a77dd13a6057045bf6c0946c4a04a4) Importer(815301076,1909f56bfc062723c751e8b465ee728b)  -> (artifact id: 'd5e30756da8e3a6e52bceef493254f0b') in 0.013437 seconds
Number of updated asset objects reloaded before import = 0
Number of asset objects unloaded after import = 3
========================================================================
Received Import Request.
  Time since last request: 0.000017 seconds.
  path: Assets/Tiles/tileset_33.asset
  artifactKey: Guid(53bba21c213c997408a4d9e51c4468d9) Importer(815301076,1909f56bfc062723c751e8b465ee728b)
Start importing Assets/Tiles/tileset_33.asset using Guid(53bba21c213c997408a4d9e51c4468d9) Importer(815301076,1909f56bfc062723c751e8b465ee728b)  -> (artifact id: 'cdee1f9f73958f52623a4d3bd1df323c') in 0.004519 seconds
Number of updated asset objects reloaded before import = 0
Number of asset objects unloaded after import = 3
========================================================================
Received Import Request.
  Time since last request: 0.000018 seconds.
  path: Assets/Tiles/tileset_34.asset
  artifactKey: Guid(7f5fc45171bb9504eb8ab8ff976657ea) Importer(815301076,1909f56bfc062723c751e8b465ee728b)
Start importing Assets/Tiles/tileset_34.asset using Guid(7f5fc45171bb9504eb8ab8ff976657ea) Importer(815301076,1909f56bfc062723c751e8b465ee728b)  -> (artifact id: '6a3a12501c06901fc0fe5bf67293e2ba') in 0.013480 seconds
Number of updated asset objects reloaded before import = 0
Number of asset objects unloaded after import = 3
========================================================================
Received Import Request.
  Time since last request: 0.000018 seconds.
  path: Assets/Tiles/tileset_27.asset
  artifactKey: Guid(63230568845812a489e1ebc17c4bb9b4) Importer(815301076,1909f56bfc062723c751e8b465ee728b)
Start importing Assets/Tiles/tileset_27.asset using Guid(63230568845812a489e1ebc17c4bb9b4) Importer(815301076,1909f56bfc062723c751e8b465ee728b)  -> (artifact id: '3c83bbdf4a42b42d51971ddfd51dddee') in 0.004867 seconds
Number of updated asset objects reloaded before import = 0
Number of asset objects unloaded after import = 3
========================================================================
Received Import Request.
  Time since last request: 0.000025 seconds.
  path: Assets/Tiles/tileset_14.asset
  artifactKey: Guid(4d015c2d9f7c8854ea2cb63df9bd44db) Importer(815301076,1909f56bfc062723c751e8b465ee728b)
Start importing Assets/Tiles/tileset_14.asset using Guid(4d015c2d9f7c8854ea2cb63df9bd44db) Importer(815301076,1909f56bfc062723c751e8b465ee728b)  -> (artifact id: '015d67819fa6207102b7d6119508cc47') in 0.012507 seconds
Number of updated asset objects reloaded before import = 0
Number of asset objects unloaded after import = 3
========================================================================
Received Import Request.
  Time since last request: 0.000015 seconds.
  path: Assets/Tiles/tileset_9.asset
  artifactKey: Guid(da3384e5d34be0b45995dd9ea3ab078a) Importer(815301076,1909f56bfc062723c751e8b465ee728b)
Start importing Assets/Tiles/tileset_9.asset using Guid(da3384e5d34be0b45995dd9ea3ab078a) Importer(815301076,1909f56bfc062723c751e8b465ee728b)  -> (artifact id: '211992391eb6b1e3bc684877dfe1b328') in 0.011937 seconds
Number of updated asset objects reloaded before import = 0
Number of asset objects unloaded after import = 3
========================================================================
Received Import Request.
  Time since last request: 0.000017 seconds.
  path: Assets/Tiles/tileset_5.asset
  artifactKey: Guid(a33f9d7f9085ea94eadfb6555a863126) Importer(815301076,1909f56bfc062723c751e8b465ee728b)
Start importing Assets/Tiles/tileset_5.asset using Guid(a33f9d7f9085ea94eadfb6555a863126) Importer(815301076,1909f56bfc062723c751e8b465ee728b)  -> (artifact id: '1b0c134bca15c80eddcd4d0e2e9c8ec3') in 0.011306 seconds
Number of updated asset objects reloaded before import = 0
Number of asset objects unloaded after import = 3
========================================================================
Received Import Request.
  Time since last request: 0.000016 seconds.
  path: Assets/Tiles/tileset_24.asset
  artifactKey: Guid(1295ba6ed38e84b41a53457b1306df02) Importer(815301076,1909f56bfc062723c751e8b465ee728b)
Start importing Assets/Tiles/tileset_24.asset using Guid(1295ba6ed38e84b41a53457b1306df02) Importer(815301076,1909f56bfc062723c751e8b465ee728b)  -> (artifact id: '6eec4306966bc04ab3a86395dbf1d41d') in 0.013914 seconds
Number of updated asset objects reloaded before import = 0
Number of asset objects unloaded after import = 3
========================================================================
Received Import Request.
  Time since last request: 0.000022 seconds.
  path: Assets/Tiles/tileset_30.asset
  artifactKey: Guid(1231f0536a6d149438a602b6513d7875) Importer(815301076,1909f56bfc062723c751e8b465ee728b)
Start importing Assets/Tiles/tileset_30.asset using Guid(1231f0536a6d149438a602b6513d7875) Importer(815301076,1909f56bfc062723c751e8b465ee728b)  -> (artifact id: '31470c9bb4dcf7c1f72f8b5166f4f978') in 0.014185 seconds
Number of updated asset objects reloaded before import = 0
Number of asset objects unloaded after import = 3
Editor requested this worker to shutdown with reason: Scaling down because of idle timeout
TcpMessagingSession - receive error: operation aborted. errorcode: 995, details: The I/O operation has been aborted because of either a thread exit or an application request.
AssetImportWorker is now disconnected from the server
Process exiting
Exiting without the bug reporter. Application will terminate with return code 0